<?xml version="1.0" encoding="UTF-8"?>
<testng-results ignored="0" total="1" passed="1" failed="0" skipped="0">
  <reporter-output>
  </reporter-output>
  <suite started-at="2021-07-13T11:26:39 IST" name="Default suite" finished-at="2021-07-13T11:26:49 IST" duration-ms="9930">
    <groups>
    </groups>
    <test started-at="2021-07-13T11:26:39 IST" name="Default test" finished-at="2021-07-13T11:26:49 IST" duration-ms="9930">
      <class name="org.tetrasoft.training.excelread.ReadAndWriteData">
        <test-method is-config="true" signature="setUp()[pri:0, instance:org.tetrasoft.training.excelread.ReadAndWriteData@7e7be63f]" started-at="2021-07-13T11:26:39 IST" name="setUp" finished-at="2021-07-13T11:26:47 IST" duration-ms="8178" status="PASS">
          <reporter-output>
          </reporter-output>
        </test-method> <!-- setUp -->
        <test-method signature="test()[pri:0, instance:org.tetrasoft.training.excelread.ReadAndWriteData@7e7be63f]" started-at="2021-07-13T11:26:47 IST" name="test" finished-at="2021-07-13T11:26:48 IST" duration-ms="1064" status="PASS">
          <reporter-output>
          </reporter-output>
        </test-method> <!-- test -->
        <test-method is-config="true" signature="tearDown()[pri:0, instance:org.tetrasoft.training.excelread.ReadAndWriteData@7e7be63f]" started-at="2021-07-13T11:26:48 IST" name="tearDown" finished-at="2021-07-13T11:26:49 IST" duration-ms="627" status="PASS">
          <reporter-output>
          </reporter-output>
        </test-method> <!-- tearDown -->
      </class> <!-- org.tetrasoft.training.excelread.ReadAndWriteData -->
    </test> <!-- Default test -->
  </suite> <!-- Default suite -->
</testng-results>
