<?xml version="1.0" encoding="UTF-8"?>
<!-- Generated by org.testng.reporters.JUnitXMLReporter -->
<testsuite ignored="0" hostname="Anusha-PC" failures="3" tests="5" name="UiAutomation_Project Test" time="55.511" errors="0" timestamp="2021-05-13T17:43:17 IST">
  <testcase classname="com.uiautomation.testcases.TC_Login_2" name="loginDDT" time="11.805"/>
  <testcase classname="com.uiautomation.testcases.TC_Login_2" name="loginDDT" time="5.864">
    <failure type="java.lang.AssertionError" message="expected [true] but found [false]">
      <![CDATA[java.lang.AssertionError: expected [true] but found [false]
at com.uiautomation.testcases.TC_Login_2.loginDDT(TC_Login_2.java:33)
at java.base/java.util.ArrayList.forEach(ArrayList.java:1511)
... Removed 31 stack frames]]>
    </failure>
  </testcase> <!-- loginDDT -->
  <testcase classname="com.uiautomation.testcases.TC_Login_2" name="loginDDT" time="5.731">
    <failure type="java.lang.AssertionError" message="expected [true] but found [false]">
      <![CDATA[java.lang.AssertionError: expected [true] but found [false]
at com.uiautomation.testcases.TC_Login_2.loginDDT(TC_Login_2.java:33)
at java.base/java.util.ArrayList.forEach(ArrayList.java:1511)
... Removed 31 stack frames]]>
    </failure>
  </testcase> <!-- loginDDT -->
  <testcase classname="com.uiautomation.testcases.TC_Login_2" name="loginDDT" time="12.971"/>
  <testcase classname="com.uiautomation.testcases.TC_Login_2" name="loginDDT" time="8.051">
    <failure type="java.lang.AssertionError" message="expected [true] but found [false]">
      <![CDATA[java.lang.AssertionError: expected [true] but found [false]
at com.uiautomation.testcases.TC_Login_2.loginDDT(TC_Login_2.java:33)
at java.base/java.util.ArrayList.forEach(ArrayList.java:1511)
... Removed 31 stack frames]]>
    </failure>
  </testcase> <!-- loginDDT -->
</testsuite> <!-- UiAutomation_Project Test -->
